#
# There is insufficient memory for the Java Runtime Environment to continue.
# Native memory allocation (mmap) failed to map 199229440 bytes for G1 virtual space
# Possible reasons:
#   The system is out of physical RAM or swap space
#   The process is running with CompressedOops enabled, and the Java Heap may be blocking the growth of the native heap
# Possible solutions:
#   Reduce memory load on the system
#   Increase physical memory or swap space
#   Check if swap backing store is full
#   Decrease Java heap size (-Xmx/-Xms)
#   Decrease number of Java threads
#   Decrease Java thread stack sizes (-Xss)
#   Set larger code cache with -XX:ReservedCodeCacheSize=
#   JVM is running with Zero Based Compressed Oops mode in which the Java heap is
#     placed in the first 32GB address space. The Java Heap base address is the
#     maximum limit for the native heap growth. Please use -XX:HeapBaseMinAddress
#     to set the Java Heap base and to place the Java Heap above 32GB virtual address.
# This output file may be truncated or incomplete.
#
#  Out of Memory Error (os_windows.cpp:3532), pid=5316, tid=21420
#
# JRE version:  (17.0.2+8) (build )
# Java VM: Java HotSpot(TM) 64-Bit Server VM (17.0.2+8-LTS-86, mixed mode, sharing, tiered, compressed oops, compressed class ptrs, g1 gc, windows-amd64)
# No core dump will be written. Minidumps are not enabled by default on client versions of Windows
#

---------------  S U M M A R Y ------------

Command Line: -Dfile.encoding=UTF-8 --module-path=C:\Users\Dell\Documents\NetBeansProjects\QuizManagement\build\classes quizmanagement.StudentDetails

Host: Intel(R) Core(TM) i3-1005G1 CPU @ 1.20GHz, 4 cores, 11G,  Windows 10 , 64 bit Build 19041 (10.0.19041.1503)
Time: Sun Sep 17 00:00:49 2023 Bangladesh Standard Time elapsed time: 0.008412 seconds (0d 0h 0m 0s)

---------------  T H R E A D  ---------------

Current thread (0x0000025e6062afa0):  JavaThread "Unknown thread" [_thread_in_vm, id=21420, stack(0x0000006541600000,0x0000006541700000)]

Stack: [0x0000006541600000,0x0000006541700000]
Native frames: (J=compiled Java code, j=interpreted, Vv=VM code, C=native code)
V  [jvm.dll+0x670baa]
V  [jvm.dll+0x7cfcb4]
V  [jvm.dll+0x7d145e]
V  [jvm.dll+0x7d1ac3]
V  [jvm.dll+0x242bc5]
V  [jvm.dll+0x66dac9]
V  [jvm.dll+0x662412]
V  [jvm.dll+0x300c0b]
V  [jvm.dll+0x3081a6]
V  [jvm.dll+0x357d0e]
V  [jvm.dll+0x357f3f]
V  [jvm.dll+0x2d7ec8]
V  [jvm.dll+0x2d8e34]
V  [jvm.dll+0x7a18c1]
V  [jvm.dll+0x365a91]
V  [jvm.dll+0x780d2c]
V  [jvm.dll+0x3e845f]
V  [jvm.dll+0x3e9f01]
C  [jli.dll+0x527b]
C  [ucrtbase.dll+0x21bb2]
C  [KERNEL32.DLL+0x17034]
C  [ntdll.dll+0x52651]


---------------  P R O C E S S  ---------------

Threads class SMR info:
_java_thread_list=0x00007ffe0a239858, length=0, elements={
}

Java Threads: ( => current thread )

Other Threads:
  0x0000025e6068c9b0 GCTaskThread "GC Thread#0" [stack: 0x0000006541700000,0x0000006541800000] [id=22284]
  0x0000025e6069a550 ConcurrentGCThread "G1 Main Marker" [stack: 0x0000006541800000,0x0000006541900000] [id=10184]
  0x0000025e6069af60 ConcurrentGCThread "G1 Conc#0" [stack: 0x0000006541900000,0x0000006541a00000] [id=16956]

[error occurred during error reporting (printing all threads), id 0xc0000005, EXCEPTION_ACCESS_VIOLATION (0xc0000005) at pc=0x00007ffe09a888a7]

VM state: not at safepoint (not fully initialized)

VM Mutex/Monitor currently owned by a thread:  ([mutex/lock_event])
[0x0000025e6064b7a0] Heap_lock - owner thread: 0x0000025e6062afa0

Heap address: 0x0000000743a00000, size: 3014 MB, Compressed Oops mode: Zero based, Oop shift amount: 3

CDS archive(s) mapped at: [0x0000000000000000-0x0000000000000000-0x0000000000000000), size 0, SharedBaseAddress: 0x0000000800000000, ArchiveRelocationMode: 0.
Narrow klass base: 0x0000000000000000, Narrow klass shift: 0, Narrow klass range: 0x0

GC Precious Log:
<Empty>

Heap:
 garbage-first heap   total 0K, used 0K [0x0000000743a00000, 0x0000000800000000)
  region size 2048K, 0 young (0K), 0 survivors (0K)

[error occurred during error reporting (printing heap information), id 0xc0000005, EXCEPTION_ACCESS_VIOLATION (0xc0000005) at pc=0x00007ffe09e69f19]

GC Heap History (0 events):
No events

Deoptimization events (0 events):
No events

Classes unloaded (0 events):
No events

Classes redefined (0 events):
No events

Internal exceptions (0 events):
No events

VM Operations (0 events):
No events

Events (1 events):
Event: 0.005 Loaded shared library C:\Program Files\Java\jdk-17.0.2\bin\java.dll


Dynamic libraries:
0x00007ff6402a0000 - 0x00007ff6402b0000 	C:\Program Files\Java\jdk-17.0.2\bin\java.exe
0x00007ffe55c30000 - 0x00007ffe55e25000 	C:\Windows\SYSTEM32\ntdll.dll
0x00007ffe54020000 - 0x00007ffe540de000 	C:\Windows\System32\KERNEL32.DLL
0x00007ffe53650000 - 0x00007ffe53918000 	C:\Windows\System32\KERNELBASE.dll
0x00007ffe53990000 - 0x00007ffe53a90000 	C:\Windows\System32\ucrtbase.dll
0x00007ffe1e040000 - 0x00007ffe1e05a000 	C:\Program Files\Java\jdk-17.0.2\bin\VCRUNTIME140.dll
0x00007ffe44590000 - 0x00007ffe445a8000 	C:\Program Files\Java\jdk-17.0.2\bin\jli.dll
0x00007ffe54570000 - 0x00007ffe5461e000 	C:\Windows\System32\ADVAPI32.dll
0x00007ffe55410000 - 0x00007ffe554ae000 	C:\Windows\System32\msvcrt.dll
0x00007ffe544b0000 - 0x00007ffe5454c000 	C:\Windows\System32\sechost.dll
0x00007ffe53e30000 - 0x00007ffe53f55000 	C:\Windows\System32\RPCRT4.dll
0x00007ffe549a0000 - 0x00007ffe54b40000 	C:\Windows\System32\USER32.dll
0x00007ffe53620000 - 0x00007ffe53642000 	C:\Windows\System32\win32u.dll
0x00007ffe53f60000 - 0x00007ffe53f8b000 	C:\Windows\System32\GDI32.dll
0x00007ffe3d960000 - 0x00007ffe3dbfa000 	C:\Windows\WinSxS\amd64_microsoft.windows.common-controls_6595b64144ccf1df_6.0.19041.1110_none_60b5254171f9507e\COMCTL32.dll
0x00007ffe53b70000 - 0x00007ffe53c7d000 	C:\Windows\System32\gdi32full.dll
0x00007ffe53550000 - 0x00007ffe535ed000 	C:\Windows\System32\msvcp_win.dll
0x00007ffe42e70000 - 0x00007ffe42e7a000 	C:\Windows\SYSTEM32\VERSION.dll
0x00007ffe53da0000 - 0x00007ffe53dd0000 	C:\Windows\System32\IMM32.DLL
0x00007ffe3dfd0000 - 0x00007ffe3dfdc000 	C:\Program Files\Java\jdk-17.0.2\bin\vcruntime140_1.dll
0x00007ffe1d520000 - 0x00007ffe1d5ad000 	C:\Program Files\Java\jdk-17.0.2\bin\msvcp140.dll
0x00007ffe097a0000 - 0x00007ffe0a361000 	C:\Program Files\Java\jdk-17.0.2\bin\server\jvm.dll
0x00007ffe540e0000 - 0x00007ffe540e8000 	C:\Windows\System32\PSAPI.DLL
0x00007ffe42260000 - 0x00007ffe42287000 	C:\Windows\SYSTEM32\WINMM.dll
0x00007ffe40010000 - 0x00007ffe40019000 	C:\Windows\SYSTEM32\WSOCK32.dll
0x00007ffe54850000 - 0x00007ffe548bb000 	C:\Windows\System32\WS2_32.dll
0x00007ffe51bc0000 - 0x00007ffe51bd2000 	C:\Windows\SYSTEM32\kernel.appcore.dll
0x00007ffe3d7b0000 - 0x00007ffe3d7ba000 	C:\Program Files\Java\jdk-17.0.2\bin\jimage.dll
0x00007ffe51110000 - 0x00007ffe512f4000 	C:\Windows\SYSTEM32\DBGHELP.DLL
0x00007ffe44530000 - 0x00007ffe4455c000 	C:\Windows\SYSTEM32\dbgcore.DLL
0x00007ffe53ae0000 - 0x00007ffe53b62000 	C:\Windows\System32\bcryptPrimitives.dll
0x00007ffe1dfd0000 - 0x00007ffe1dff5000 	C:\Program Files\Java\jdk-17.0.2\bin\java.dll

dbghelp: loaded successfully - version: 4.0.5 - missing functions: none
symbol engine: initialized successfully - sym options: 0x614 - pdb path: .;C:\Program Files\Java\jdk-17.0.2\bin;C:\Windows\SYSTEM32;C:\Windows\WinSxS\amd64_microsoft.windows.common-controls_6595b64144ccf1df_6.0.19041.1110_none_60b5254171f9507e;C:\Program Files\Java\jdk-17.0.2\bin\server

VM Arguments:
jvm_args: -Dfile.encoding=UTF-8 --module-path=C:\Users\Dell\Documents\NetBeansProjects\QuizManagement\build\classes 
java_command: quizmanagement.StudentDetails
java_class_path (initial): E:\Software\Software\mysql-connector-j-8.1.0\mysql-connector-j-8.1.0\mysql-connector-j-8.1.0.jar;E:\Software\Software\rs2xml.jar;C:\Users\Dell\Documents\NetBeansProjects\QuizManagement\build\classes
Launcher Type: SUN_STANDARD

[Global flags]
     intx CICompilerCount                          = 3                                         {product} {ergonomic}
     uint ConcGCThreads                            = 1                                         {product} {ergonomic}
     uint G1ConcRefinementThreads                  = 4                                         {product} {ergonomic}
   size_t G1HeapRegionSize                         = 2097152                                   {product} {ergonomic}
    uintx GCDrainStackTargetSize                   = 64                                        {product} {ergonomic}
   size_t InitialHeapSize                          = 199229440                                 {product} {ergonomic}
   size_t MarkStackSize                            = 4194304                                   {product} {ergonomic}
   size_t MaxHeapSize                              = 3160408064                                {product} {ergonomic}
   size_t MinHeapDeltaBytes                        = 2097152                                   {product} {ergonomic}
   size_t MinHeapSize                              = 8388608                                   {product} {ergonomic}
    uintx NonNMethodCodeHeapSize                   = 5832780                                {pd product} {ergonomic}
    uintx NonProfiledCodeHeapSize                  = 122912730                              {pd product} {ergonomic}
    uintx ProfiledCodeHeapSize                     = 122912730                              {pd product} {ergonomic}
    uintx ReservedCodeCacheSize                    = 251658240                              {pd product} {ergonomic}
     bool SegmentedCodeCache                       = true                                      {product} {ergonomic}
   size_t SoftMaxHeapSize                          = 3160408064                             {manageable} {ergonomic}
     bool UseCompressedClassPointers               = true                           {product lp64_product} {ergonomic}
     bool UseCompressedOops                        = true                           {product lp64_product} {ergonomic}
     bool UseG1GC                                  = true                                      {product} {ergonomic}
     bool UseLargePagesIndividualAllocation        = false                                  {pd product} {ergonomic}

Logging:
Log output configuration:
 #0: stdout all=warning uptime,level,tags
 #1: stderr all=off uptime,level,tags

Environment Variables:
PATH=C:\Program Files\Common Files\Oracle\Java\javapath;C:\Program Files (x86)\Common Files\Oracle\Java\javapath;C:\Program Files (x86)\Common Files\Intel\Shared Libraries\redist\intel64\compiler;C:\Windows\system32;C:\Windows;C:\Windows\System32\Wbem;C:\Windows\System32\WindowsPowerShell\v1.0\;C:\Windows\System32\OpenSSH\;C:\MinGW\bin;C:\Program Files\dotnet\;C:\Program Files\Git\cmd;C:\Users\Dell\AppData\Local\Programs\Python\Python39\Scripts\;C:\Users\Dell\AppData\Local\Programs\Python\Python39\;C:\Users\Dell\AppData\Local\Microsoft\WindowsApps;C:\Program Files\CodeBlocks\MinGW\bin;C:\modeltech64_10.6d\win64;C:\Program Files\MariaDB 10.11\bin;C:\MinGW\bin;C:\Users\Dell\AppData\Local\Programs\Microsoft VS Code\bin
USERNAME=Dell
OS=Windows_NT
PROCESSOR_IDENTIFIER=Intel64 Family 6 Model 126 Stepping 5, GenuineIntel



---------------  S Y S T E M  ---------------

OS:
 Windows 10 , 64 bit Build 19041 (10.0.19041.1503)
OS uptime: 26 days 21:23 hours

CPU: total 4 (initial active 4) (2 cores per cpu, 2 threads per core) family 6 model 126 stepping 5 microcode 0xb2, cx8, cmov, fxsr, ht, mmx, 3dnowpref, sse, sse2, sse3, ssse3, sse4.1, sse4.2, popcnt, lzcnt, tsc, tscinvbit, avx, avx2, aes, erms, clmul, bmi1, bmi2, adx, avx512f, avx512dq, avx512cd, avx512bw, avx512vl, sha, fma, vzeroupper, avx512_vpopcntdq, avx512_vpclmulqdq, avx512_vaes, avx512_vnni, clflush, clflushopt, avx512_vbmi2, avx512_vbmi

Memory: 4k page, system-wide physical 12055M (2377M free)
TotalPageFile size 27102M (AvailPageFile size 181M)
current process WorkingSet (physical memory assigned to process): 9M, peak: 9M
current process commit charge ("private bytes"): 51M, peak: 241M

vm_info: Java HotSpot(TM) 64-Bit Server VM (17.0.2+8-LTS-86) for windows-amd64 JRE (17.0.2+8-LTS-86), built on Dec  7 2021 21:51:03 by "mach5one" with MS VC++ 16.8 / 16.9 (VS2019)

END.
